<?xml version="1.0" encoding="UTF-8"?>
<!-- Generated by org.testng.reporters.JUnitReportReporter -->
<testsuite hostname="SheliAshkenazi" name="com.experitest.auto.IOSDemoTest" tests="2" failures="0" timestamp="22 Jan 2018 11:04:53 GMT" time="183.199" errors="2">
  <testcase name="test" time="90.968" classname="com.experitest.auto.IOSDemoTest">
    <error type="org.openqa.selenium.TimeoutException" message="Timed out after 30 seconds waiting for presence of element located by: By.xpath: //*[@text=&#039;Your balance is:  100.00$ &#039;]
Build info: version: &#039;2.53.1&#039;, revision: &#039;a36b8b1cd5757287168e54b817830adce9b0158d&#039;, time: &#039;2016-06-30 19:26:09&#039;
System info: host: &#039;SheliAshkenazi&#039;, ip: &#039;192.168.2.73&#039;, os.name: &#039;Windows 8.1&#039;, os.arch: &#039;amd64&#039;, os.version: &#039;6.3&#039;, java.version: &#039;1.8.0_121&#039;
Driver info: io.appium.java_client.ios.IOSDriver
Capabilities [{device.majorVersion=10.0.x, dontGoHomeOnQuit=true, device.os=iOS, noReset=false, dontStopAppOnReset=false, reservationDuration=240, reportFormat=xml, fullReset=false, platform=ANY, desired={app=cloud:com.experitest.ExperiBank, dontGoHomeOnQuit=true, deviceQuery=@os=&#039;ios&#039;, instrumentApp=true, bundleId=com.experitest.ExperiBank, reportDirectory=reports, reportFormat=xml, platformName=iOS, testName=IOSDemoTest}, device.serialNumber=e306fb3224fe2fbef2d1eb60118ee4ad7b7bf902, device.version=10.3.3, deviceQuery=@os=&#039;ios&#039;, automationName=XCUITest, reportDirectory=reports, autoWebview=false, platformName=iOS, testName=IOSDemoTest, device.screenSize=1536x2048, useKeystore=false, app=cloud:com.experitest.ExperiBank, cloudViewLink=http://releasecloud/agent-1/#/3WllcfX2dHy33dFH?1
Picked up Grid Node (seetest_7786)
Reserved Device : erez akri’s iPad#B0018, instrumentApp=true, device.manufacture=Apple, device.category=TABLET, bundleId=cloud:com.experitest.ExperiBank, autoDismissAlerts=false, reportUrl=http://192.168.2.114:8082/#/test/4, keystorePath=~/.android/debug.keystore, waitForDeviceTimeout=120000, device.model=iPad mini 2, device.name=erez akriג€™s iPad#B0018, projectName=, gridNodePort=7786, autoAcceptAlerts=false}]
Session ID: CLOUD-SID:2018-01-22_13-03-21-96e41dba-dde7-4d09-878a-2536b7166590">
      <![CDATA[org.openqa.selenium.TimeoutException: Timed out after 30 seconds waiting for presence of element located by: By.xpath: //*[@text='Your balance is:  100.00$ ']
Build info: version: '2.53.1', revision: 'a36b8b1cd5757287168e54b817830adce9b0158d', time: '2016-06-30 19:26:09'
System info: host: 'SheliAshkenazi', ip: '192.168.2.73', os.name: 'Windows 8.1', os.arch: 'amd64', os.version: '6.3', java.version: '1.8.0_121'
Driver info: io.appium.java_client.ios.IOSDriver
Capabilities [{device.majorVersion=10.0.x, dontGoHomeOnQuit=true, device.os=iOS, noReset=false, dontStopAppOnReset=false, reservationDuration=240, reportFormat=xml, fullReset=false, platform=ANY, desired={app=cloud:com.experitest.ExperiBank, dontGoHomeOnQuit=true, deviceQuery=@os='ios', instrumentApp=true, bundleId=com.experitest.ExperiBank, reportDirectory=reports, reportFormat=xml, platformName=iOS, testName=IOSDemoTest}, device.serialNumber=e306fb3224fe2fbef2d1eb60118ee4ad7b7bf902, device.version=10.3.3, deviceQuery=@os='ios', automationName=XCUITest, reportDirectory=reports, autoWebview=false, platformName=iOS, testName=IOSDemoTest, device.screenSize=1536x2048, useKeystore=false, app=cloud:com.experitest.ExperiBank, cloudViewLink=http://releasecloud/agent-1/#/3WllcfX2dHy33dFH?1
Picked up Grid Node (seetest_7786)
Reserved Device : erez akri’s iPad#B0018, instrumentApp=true, device.manufacture=Apple, device.category=TABLET, bundleId=cloud:com.experitest.ExperiBank, autoDismissAlerts=false, reportUrl=http://192.168.2.114:8082/#/test/4, keystorePath=~/.android/debug.keystore, waitForDeviceTimeout=120000, device.model=iPad mini 2, device.name=erez akriג€™s iPad#B0018, projectName=, gridNodePort=7786, autoAcceptAlerts=false}]
Session ID: CLOUD-SID:2018-01-22_13-03-21-96e41dba-dde7-4d09-878a-2536b7166590
	at org.openqa.selenium.support.ui.WebDriverWait.timeoutException(WebDriverWait.java:80)
	at org.openqa.selenium.support.ui.FluentWait.until(FluentWait.java:261)
	at com.experitest.auto.IOSDemoTest.test(IOSDemoTest.java:45)
	at sun.reflect.NativeMethodAccessorImpl.invoke0(Native Method)
	at sun.reflect.NativeMethodAccessorImpl.invoke(NativeMethodAccessorImpl.java:62)
	at sun.reflect.DelegatingMethodAccessorImpl.invoke(DelegatingMethodAccessorImpl.java:43)
	at java.lang.reflect.Method.invoke(Method.java:498)
	at org.testng.internal.MethodInvocationHelper.invokeMethod(MethodInvocationHelper.java:85)
	at org.testng.internal.Invoker.invokeMethod(Invoker.java:639)
	at org.testng.internal.Invoker.invokeTestMethod(Invoker.java:816)
	at org.testng.internal.Invoker.invokeTestMethods(Invoker.java:1124)
	at org.testng.internal.TestMethodWorker.invokeTestMethods(TestMethodWorker.java:125)
	at org.testng.internal.TestMethodWorker.run(TestMethodWorker.java:108)
	at org.testng.TestRunner.privateRun(TestRunner.java:774)
	at org.testng.TestRunner.run(TestRunner.java:624)
	at org.testng.SuiteRunner.runTest(SuiteRunner.java:359)
	at org.testng.SuiteRunner.access$000(SuiteRunner.java:39)
	at org.testng.SuiteRunner$SuiteWorker.run(SuiteRunner.java:393)
	at org.testng.internal.thread.ThreadUtil$2.call(ThreadUtil.java:64)
	at java.util.concurrent.FutureTask.run(FutureTask.java:266)
	at java.util.concurrent.ThreadPoolExecutor.runWorker(ThreadPoolExecutor.java:1142)
	at java.util.concurrent.ThreadPoolExecutor$Worker.run(ThreadPoolExecutor.java:617)
	at java.lang.Thread.run(Thread.java:745)
Caused by: org.openqa.selenium.NoSuchElementException: no such element (An element could not be located on the page using the given search parameters (XPATH='//*[@text='Your balance is:  100.00$ ']'))  (WARNING: The server did not provide any stacktrace information)
Command duration or timeout: 1.97 seconds
For documentation on this error, please visit: http://seleniumhq.org/exceptions/no_such_element.html
Build info: version: '2.53.1', revision: 'a36b8b1cd5757287168e54b817830adce9b0158d', time: '2016-06-30 19:26:09'
System info: host: 'SheliAshkenazi', ip: '192.168.2.73', os.name: 'Windows 8.1', os.arch: 'amd64', os.version: '6.3', java.version: '1.8.0_121'
Driver info: io.appium.java_client.ios.IOSDriver
Capabilities [{device.majorVersion=10.0.x, dontGoHomeOnQuit=true, device.os=iOS, noReset=false, dontStopAppOnReset=false, reservationDuration=240, reportFormat=xml, fullReset=false, platform=ANY, desired={app=cloud:com.experitest.ExperiBank, dontGoHomeOnQuit=true, deviceQuery=@os='ios', instrumentApp=true, bundleId=com.experitest.ExperiBank, reportDirectory=reports, reportFormat=xml, platformName=iOS, testName=IOSDemoTest}, device.serialNumber=e306fb3224fe2fbef2d1eb60118ee4ad7b7bf902, device.version=10.3.3, deviceQuery=@os='ios', automationName=XCUITest, reportDirectory=reports, autoWebview=false, platformName=iOS, testName=IOSDemoTest, device.screenSize=1536x2048, useKeystore=false, app=cloud:com.experitest.ExperiBank, cloudViewLink=http://releasecloud/agent-1/#/3WllcfX2dHy33dFH?1
Picked up Grid Node (seetest_7786)
Reserved Device : erez akri’s iPad#B0018, instrumentApp=true, device.manufacture=Apple, device.category=TABLET, bundleId=cloud:com.experitest.ExperiBank, autoDismissAlerts=false, reportUrl=http://192.168.2.114:8082/#/test/4, keystorePath=~/.android/debug.keystore, waitForDeviceTimeout=120000, device.model=iPad mini 2, device.name=erez akriג€™s iPad#B0018, projectName=, gridNodePort=7786, autoAcceptAlerts=false}]
Session ID: CLOUD-SID:2018-01-22_13-03-21-96e41dba-dde7-4d09-878a-2536b7166590
*** Element info: {Using=xpath, value=//*[@text='Your balance is:  100.00$ ']}
	at sun.reflect.GeneratedConstructorAccessor11.newInstance(Unknown Source)
	at sun.reflect.DelegatingConstructorAccessorImpl.newInstance(DelegatingConstructorAccessorImpl.java:45)
	at java.lang.reflect.Constructor.newInstance(Constructor.java:423)
	at org.openqa.selenium.remote.ErrorHandler.createThrowable(ErrorHandler.java:206)
	at org.openqa.selenium.remote.ErrorHandler.throwIfResponseFailed(ErrorHandler.java:158)
	at org.openqa.selenium.remote.RemoteWebDriver.execute(RemoteWebDriver.java:678)
	at io.appium.java_client.DefaultGenericMobileDriver.execute(DefaultGenericMobileDriver.java:40)
	at io.appium.java_client.AppiumDriver.execute(AppiumDriver.java:1)
	at io.appium.java_client.ios.IOSDriver.execute(IOSDriver.java:1)
	at org.openqa.selenium.remote.RemoteWebDriver.findElement(RemoteWebDriver.java:363)
	at io.appium.java_client.DefaultGenericMobileDriver.findElement(DefaultGenericMobileDriver.java:56)
	at io.appium.java_client.AppiumDriver.findElement(AppiumDriver.java:1)
	at io.appium.java_client.ios.IOSDriver.findElement(IOSDriver.java:1)
	at org.openqa.selenium.remote.RemoteWebDriver.findElementByXPath(RemoteWebDriver.java:500)
	at io.appium.java_client.DefaultGenericMobileDriver.findElementByXPath(DefaultGenericMobileDriver.java:134)
	at io.appium.java_client.AppiumDriver.findElementByXPath(AppiumDriver.java:1)
	at io.appium.java_client.ios.IOSDriver.findElementByXPath(IOSDriver.java:1)
	at org.openqa.selenium.By$ByXPath.findElement(By.java:361)
	at org.openqa.selenium.remote.RemoteWebDriver.findElement(RemoteWebDriver.java:355)
	at io.appium.java_client.DefaultGenericMobileDriver.findElement(DefaultGenericMobileDriver.java:52)
	at io.appium.java_client.AppiumDriver.findElement(AppiumDriver.java:1)
	at io.appium.java_client.ios.IOSDriver.findElement(IOSDriver.java:1)
	at org.openqa.selenium.support.ui.ExpectedConditions.findElement(ExpectedConditions.java:899)
	at org.openqa.selenium.support.ui.ExpectedConditions.access$000(ExpectedConditions.java:41)
	at org.openqa.selenium.support.ui.ExpectedConditions$6.apply(ExpectedConditions.java:181)
	at org.openqa.selenium.support.ui.ExpectedConditions$6.apply(ExpectedConditions.java:178)
	at org.openqa.selenium.support.ui.FluentWait.until(FluentWait.java:238)
	... 21 more
]]>
    </error>
  </testcase> <!-- test -->
  <testcase name="test" time="92.231" classname="com.experitest.auto.IOSDemoTest">
    <error type="org.openqa.selenium.TimeoutException" message="Timed out after 30 seconds waiting for presence of element located by: By.xpath: //*[@text=&#039;Your balance is:  100.00$ &#039;]
Build info: version: &#039;2.53.1&#039;, revision: &#039;a36b8b1cd5757287168e54b817830adce9b0158d&#039;, time: &#039;2016-06-30 19:26:09&#039;
System info: host: &#039;SheliAshkenazi&#039;, ip: &#039;192.168.2.73&#039;, os.name: &#039;Windows 8.1&#039;, os.arch: &#039;amd64&#039;, os.version: &#039;6.3&#039;, java.version: &#039;1.8.0_121&#039;
Driver info: io.appium.java_client.ios.IOSDriver
Capabilities [{device.majorVersion=11.0.x, dontGoHomeOnQuit=true, device.os=iOS, noReset=false, dontStopAppOnReset=false, reservationDuration=240, reportFormat=xml, fullReset=false, platform=ANY, desired={app=cloud:com.experitest.ExperiBank, dontGoHomeOnQuit=true, deviceQuery=@os=&#039;ios&#039;, instrumentApp=true, bundleId=com.experitest.ExperiBank, reportDirectory=reports, reportFormat=xml, platformName=iOS, testName=IOSDemoTest}, device.serialNumber=30ea1939099b89ebf97cbd3422770af6dc5ee295, device.version=11.0.3, deviceQuery=@os=&#039;ios&#039;, automationName=XCUITest, reportDirectory=reports, autoWebview=false, platformName=iOS, testName=IOSDemoTest, device.screenSize=1536x2048, useKeystore=false, app=cloud:com.experitest.ExperiBank, cloudViewLink=http://releasecloud/agent-1/#/uMzoCmHwd0rttNF7?1
Picked up Grid Node (seetest_7785)
Reserved Device : navot D’s iPad#B0089, instrumentApp=true, device.manufacture=Apple, device.category=TABLET, bundleId=cloud:com.experitest.ExperiBank, autoDismissAlerts=false, reportUrl=http://192.168.2.114:8082/#/test/3, keystorePath=~/.android/debug.keystore, waitForDeviceTimeout=120000, device.model=iPad Air 2, device.name=navot Dג€™s iPad#B0089, projectName=, gridNodePort=7785, autoAcceptAlerts=false}]
Session ID: CLOUD-SID:2018-01-22_13-03-21-5bfa9cda-f4c8-4ac6-b63b-9f3fb09de723">
      <![CDATA[org.openqa.selenium.TimeoutException: Timed out after 30 seconds waiting for presence of element located by: By.xpath: //*[@text='Your balance is:  100.00$ ']
Build info: version: '2.53.1', revision: 'a36b8b1cd5757287168e54b817830adce9b0158d', time: '2016-06-30 19:26:09'
System info: host: 'SheliAshkenazi', ip: '192.168.2.73', os.name: 'Windows 8.1', os.arch: 'amd64', os.version: '6.3', java.version: '1.8.0_121'
Driver info: io.appium.java_client.ios.IOSDriver
Capabilities [{device.majorVersion=11.0.x, dontGoHomeOnQuit=true, device.os=iOS, noReset=false, dontStopAppOnReset=false, reservationDuration=240, reportFormat=xml, fullReset=false, platform=ANY, desired={app=cloud:com.experitest.ExperiBank, dontGoHomeOnQuit=true, deviceQuery=@os='ios', instrumentApp=true, bundleId=com.experitest.ExperiBank, reportDirectory=reports, reportFormat=xml, platformName=iOS, testName=IOSDemoTest}, device.serialNumber=30ea1939099b89ebf97cbd3422770af6dc5ee295, device.version=11.0.3, deviceQuery=@os='ios', automationName=XCUITest, reportDirectory=reports, autoWebview=false, platformName=iOS, testName=IOSDemoTest, device.screenSize=1536x2048, useKeystore=false, app=cloud:com.experitest.ExperiBank, cloudViewLink=http://releasecloud/agent-1/#/uMzoCmHwd0rttNF7?1
Picked up Grid Node (seetest_7785)
Reserved Device : navot D’s iPad#B0089, instrumentApp=true, device.manufacture=Apple, device.category=TABLET, bundleId=cloud:com.experitest.ExperiBank, autoDismissAlerts=false, reportUrl=http://192.168.2.114:8082/#/test/3, keystorePath=~/.android/debug.keystore, waitForDeviceTimeout=120000, device.model=iPad Air 2, device.name=navot Dג€™s iPad#B0089, projectName=, gridNodePort=7785, autoAcceptAlerts=false}]
Session ID: CLOUD-SID:2018-01-22_13-03-21-5bfa9cda-f4c8-4ac6-b63b-9f3fb09de723
	at org.openqa.selenium.support.ui.WebDriverWait.timeoutException(WebDriverWait.java:80)
	at org.openqa.selenium.support.ui.FluentWait.until(FluentWait.java:261)
	at com.experitest.auto.IOSDemoTest.test(IOSDemoTest.java:45)
	at sun.reflect.NativeMethodAccessorImpl.invoke0(Native Method)
	at sun.reflect.NativeMethodAccessorImpl.invoke(NativeMethodAccessorImpl.java:62)
	at sun.reflect.DelegatingMethodAccessorImpl.invoke(DelegatingMethodAccessorImpl.java:43)
	at java.lang.reflect.Method.invoke(Method.java:498)
	at org.testng.internal.MethodInvocationHelper.invokeMethod(MethodInvocationHelper.java:85)
	at org.testng.internal.Invoker.invokeMethod(Invoker.java:639)
	at org.testng.internal.Invoker.invokeTestMethod(Invoker.java:816)
	at org.testng.internal.Invoker.invokeTestMethods(Invoker.java:1124)
	at org.testng.internal.TestMethodWorker.invokeTestMethods(TestMethodWorker.java:125)
	at org.testng.internal.TestMethodWorker.run(TestMethodWorker.java:108)
	at org.testng.TestRunner.privateRun(TestRunner.java:774)
	at org.testng.TestRunner.run(TestRunner.java:624)
	at org.testng.SuiteRunner.runTest(SuiteRunner.java:359)
	at org.testng.SuiteRunner.access$000(SuiteRunner.java:39)
	at org.testng.SuiteRunner$SuiteWorker.run(SuiteRunner.java:393)
	at org.testng.internal.thread.ThreadUtil$2.call(ThreadUtil.java:64)
	at java.util.concurrent.FutureTask.run(FutureTask.java:266)
	at java.util.concurrent.ThreadPoolExecutor.runWorker(ThreadPoolExecutor.java:1142)
	at java.util.concurrent.ThreadPoolExecutor$Worker.run(ThreadPoolExecutor.java:617)
	at java.lang.Thread.run(Thread.java:745)
Caused by: org.openqa.selenium.NoSuchElementException: no such element (An element could not be located on the page using the given search parameters (XPATH='//*[@text='Your balance is:  100.00$ ']'))  (WARNING: The server did not provide any stacktrace information)
Command duration or timeout: 1.71 seconds
For documentation on this error, please visit: http://seleniumhq.org/exceptions/no_such_element.html
Build info: version: '2.53.1', revision: 'a36b8b1cd5757287168e54b817830adce9b0158d', time: '2016-06-30 19:26:09'
System info: host: 'SheliAshkenazi', ip: '192.168.2.73', os.name: 'Windows 8.1', os.arch: 'amd64', os.version: '6.3', java.version: '1.8.0_121'
Driver info: io.appium.java_client.ios.IOSDriver
Capabilities [{device.majorVersion=11.0.x, dontGoHomeOnQuit=true, device.os=iOS, noReset=false, dontStopAppOnReset=false, reservationDuration=240, reportFormat=xml, fullReset=false, platform=ANY, desired={app=cloud:com.experitest.ExperiBank, dontGoHomeOnQuit=true, deviceQuery=@os='ios', instrumentApp=true, bundleId=com.experitest.ExperiBank, reportDirectory=reports, reportFormat=xml, platformName=iOS, testName=IOSDemoTest}, device.serialNumber=30ea1939099b89ebf97cbd3422770af6dc5ee295, device.version=11.0.3, deviceQuery=@os='ios', automationName=XCUITest, reportDirectory=reports, autoWebview=false, platformName=iOS, testName=IOSDemoTest, device.screenSize=1536x2048, useKeystore=false, app=cloud:com.experitest.ExperiBank, cloudViewLink=http://releasecloud/agent-1/#/uMzoCmHwd0rttNF7?1
Picked up Grid Node (seetest_7785)
Reserved Device : navot D’s iPad#B0089, instrumentApp=true, device.manufacture=Apple, device.category=TABLET, bundleId=cloud:com.experitest.ExperiBank, autoDismissAlerts=false, reportUrl=http://192.168.2.114:8082/#/test/3, keystorePath=~/.android/debug.keystore, waitForDeviceTimeout=120000, device.model=iPad Air 2, device.name=navot Dג€™s iPad#B0089, projectName=, gridNodePort=7785, autoAcceptAlerts=false}]
Session ID: CLOUD-SID:2018-01-22_13-03-21-5bfa9cda-f4c8-4ac6-b63b-9f3fb09de723
*** Element info: {Using=xpath, value=//*[@text='Your balance is:  100.00$ ']}
	at sun.reflect.GeneratedConstructorAccessor11.newInstance(Unknown Source)
	at sun.reflect.DelegatingConstructorAccessorImpl.newInstance(DelegatingConstructorAccessorImpl.java:45)
	at java.lang.reflect.Constructor.newInstance(Constructor.java:423)
	at org.openqa.selenium.remote.ErrorHandler.createThrowable(ErrorHandler.java:206)
	at org.openqa.selenium.remote.ErrorHandler.throwIfResponseFailed(ErrorHandler.java:158)
	at org.openqa.selenium.remote.RemoteWebDriver.execute(RemoteWebDriver.java:678)
	at io.appium.java_client.DefaultGenericMobileDriver.execute(DefaultGenericMobileDriver.java:40)
	at io.appium.java_client.AppiumDriver.execute(AppiumDriver.java:1)
	at io.appium.java_client.ios.IOSDriver.execute(IOSDriver.java:1)
	at org.openqa.selenium.remote.RemoteWebDriver.findElement(RemoteWebDriver.java:363)
	at io.appium.java_client.DefaultGenericMobileDriver.findElement(DefaultGenericMobileDriver.java:56)
	at io.appium.java_client.AppiumDriver.findElement(AppiumDriver.java:1)
	at io.appium.java_client.ios.IOSDriver.findElement(IOSDriver.java:1)
	at org.openqa.selenium.remote.RemoteWebDriver.findElementByXPath(RemoteWebDriver.java:500)
	at io.appium.java_client.DefaultGenericMobileDriver.findElementByXPath(DefaultGenericMobileDriver.java:134)
	at io.appium.java_client.AppiumDriver.findElementByXPath(AppiumDriver.java:1)
	at io.appium.java_client.ios.IOSDriver.findElementByXPath(IOSDriver.java:1)
	at org.openqa.selenium.By$ByXPath.findElement(By.java:361)
	at org.openqa.selenium.remote.RemoteWebDriver.findElement(RemoteWebDriver.java:355)
	at io.appium.java_client.DefaultGenericMobileDriver.findElement(DefaultGenericMobileDriver.java:52)
	at io.appium.java_client.AppiumDriver.findElement(AppiumDriver.java:1)
	at io.appium.java_client.ios.IOSDriver.findElement(IOSDriver.java:1)
	at org.openqa.selenium.support.ui.ExpectedConditions.findElement(ExpectedConditions.java:899)
	at org.openqa.selenium.support.ui.ExpectedConditions.access$000(ExpectedConditions.java:41)
	at org.openqa.selenium.support.ui.ExpectedConditions$6.apply(ExpectedConditions.java:181)
	at org.openqa.selenium.support.ui.ExpectedConditions$6.apply(ExpectedConditions.java:178)
	at org.openqa.selenium.support.ui.FluentWait.until(FluentWait.java:238)
	... 21 more
]]>
    </error>
  </testcase> <!-- test -->
</testsuite> <!-- com.experitest.auto.IOSDemoTest -->
